\BOOKMARK [1][-]{Doc-Start}{\376\377\000C\000\363\000m\000o\000\040\000u\000s\000a\000r\000\040\000e\000s\000t\000a\000\040\000g\000u\000\355\000a}{}% 1
\BOOKMARK [1][-]{section.1}{\376\377\000L\000a\000\040\000a\000r\000q\000u\000i\000t\000e\000c\000t\000u\000r\000a\000\040\000e\000n\000\040\000u\000n\000a\000\040\000f\000r\000a\000s\000e}{}% 2
\BOOKMARK [1][-]{section.2}{\376\377\000L\000o\000s\000\040\000t\000r\000e\000s\000\040\000f\000l\000u\000j\000o\000s\000\040\000c\000l\000a\000v\000e\000\040\000\050\000q\000u\000i\000\351\000n\000\040\000l\000l\000a\000m\000a\000\040\000a\000\040\000q\000u\000i\000\351\000n\000\051}{}% 3
\BOOKMARK [2][-]{subsection.2.1}{\376\377\000\277\000D\000\363\000n\000d\000e\000\040\000l\000l\000a\000m\000a\000n\000\040\000l\000o\000s\000\040\000r\000e\000p\000o\000r\000t\000e\000s\000\040\000a\000\040\000l\000o\000s\000\040\000r\000e\000s\000c\000a\000t\000i\000s\000t\000a\000s\000?\000\040\000\050\000C\0001\000\040\000/\000\040\000C\0002\000\051}{section.2}% 4
\BOOKMARK [2][-]{subsection.2.2}{\376\377\000\277\000D\000\363\000n\000d\000e\000\040\000l\000l\000a\000m\000a\000n\000\040\000l\000o\000s\000\040\000r\000e\000s\000c\000a\000t\000i\000s\000t\000a\000s\000\040\000a\000\040\000l\000o\000s\000\040\000a\000n\000i\000m\000a\000l\000e\000s\000?\000\040\000\050\000c\000l\000i\000c\000\040\000e\000n\000\040\000\253\000V\000e\000r\000\040\000f\000i\000c\000h\000a\000\273\000\051}{section.2}% 5
\BOOKMARK [2][-]{subsection.2.3}{\376\377\000\277\000D\000\363\000n\000d\000e\000\040\000l\000l\000a\000m\000a\000n\000\040\000l\000o\000s\000\040\000a\000n\000i\000m\000a\000l\000e\000s\000\040\000a\000\040\000s\000u\000s\000\040\000c\000o\000n\000s\000u\000l\000t\000a\000s\000?}{section.2}% 6
\BOOKMARK [1][-]{section.3}{\376\377\000M\000o\000d\000e\000l\000a\000d\000o\000\040\000e\000n\000\040\000C\000a\000s\000s\000a\000n\000d\000r\000a\000\040\000\050\000q\000u\000e\000r\000y\000-\000f\000i\000r\000s\000t\000\051}{}% 7
\BOOKMARK [1][-]{section.4}{\376\377\000T\000r\000a\000z\000a\000b\000i\000l\000i\000d\000a\000d\000\040\000e\000\040\000h\000i\000s\000t\000o\000r\000i\000a\000l\000\040\000\050\000e\000v\000e\000n\000t\000o\000s\000\040\000i\000n\000m\000u\000t\000a\000b\000l\000e\000s\000\051}{}% 8
\BOOKMARK [1][-]{section.5}{\376\377\000I\000n\000t\000e\000g\000r\000i\000d\000a\000d\000\040\000e\000n\000t\000r\000e\000\040\000s\000e\000r\000v\000i\000c\000i\000o\000s\000\040\000\050\000s\000i\000n\000\040\000f\000o\000r\000e\000i\000g\000n\000\040\000k\000e\000y\000s\000\051}{}% 9
\BOOKMARK [1][-]{section.6}{\376\377\000C\000o\000n\000c\000u\000r\000r\000e\000n\000c\000i\000a\000:\000\040\000e\000l\000\040\000s\000t\000o\000c\000k\000\040\000d\000e\000\040\000p\000r\000o\000d\000u\000c\000t\000o\000s\000\040\000\050\000L\000W\000T\000\051}{}% 10
\BOOKMARK [1][-]{section.7}{\376\377\000G\000a\000s\000t\000o\000s\000\040\000y\000\040\000p\000r\000e\000c\000i\000o\000s\000\040\000\050\000r\000e\000f\000u\000g\000i\000o\000\040\000s\000i\000n\000\040\000f\000i\000n\000e\000s\000\040\000d\000e\000\040\000l\000u\000c\000r\000o\000\051}{}% 11
\BOOKMARK [1][-]{section.8}{\376\377\000R\000e\000f\000u\000g\000i\000o\000\040\000y\000\040\000c\000u\000p\000o\000\040\000d\000e\000\040\000r\000e\000s\000c\000a\000t\000i\000s\000t\000a\000s}{}% 12
\BOOKMARK [1][-]{section.9}{\376\377\000S\000e\000g\000u\000r\000i\000d\000a\000d\000:\000\040\000J\000W\000T\000\040\000y\000\040\000r\000o\000l\000e\000s}{}% 13
\BOOKMARK [1][-]{section.10}{\376\377\000R\000e\000g\000l\000a\000s\000\040\000d\000e\000\040\000n\000e\000g\000o\000c\000i\000o}{}% 14
\BOOKMARK [1][-]{section.11}{\376\377\000P\000a\000g\000i\000n\000a\000c\000i\000\363\000n}{}% 15
\BOOKMARK [1][-]{section.12}{\376\377\000R\000e\000p\000o\000r\000t\000e\000s\000\040\000\050\000e\000l\000\040\000s\000e\000r\000v\000i\000c\000i\000o\000\040\000a\000g\000r\000e\000g\000a\000d\000o\000r\000\051}{}% 16
\BOOKMARK [1][-]{section.13}{\376\377\000V\000e\000r\000\040\000l\000a\000s\000\040\000q\000u\000e\000r\000i\000e\000s\000\040\000r\000e\000a\000l\000e\000s\000\040\000e\000n\000\040\000C\000a\000s\000s\000a\000n\000d\000r\000a}{}% 17
\BOOKMARK [2][-]{subsection.13.1}{\376\377\000F\000o\000r\000m\000a\000\040\000A\000\040\040\024\000\040\000U\000n\000a\000\040\000q\000u\000e\000r\000y\000\040\000p\000u\000n\000t\000u\000a\000l\000\040\000\050\000c\000q\000l\000s\000h\000\051}{section.13}% 18
\BOOKMARK [2][-]{subsection.13.2}{\376\377\000F\000o\000r\000m\000a\000\040\000B\000\040\040\024\000\040\000C\000a\000p\000t\000u\000r\000a\000r\000\040\000T\000O\000D\000A\000S\000\040\000l\000a\000s\000\040\000q\000u\000e\000r\000i\000e\000s\000\040\000\050\000l\000a\000\040\000q\000u\000e\000\040\000m\000\341\000s\000\040\000s\000i\000r\000v\000e\000\051}{section.13}% 19
\BOOKMARK [2][-]{subsection.13.3}{\376\377\000F\000o\000r\000m\000a\000\040\000C\000\040\040\024\000\040\000I\000n\000s\000p\000e\000c\000c\000i\000o\000n\000a\000r\000\040\000d\000a\000t\000o\000s\000\040\000d\000i\000r\000e\000c\000t\000o\000s\000\040\000\050\000d\000e\000m\000o\000s\000t\000r\000a\000r\000\040\000l\000a\000\040\000d\000e\000s\000n\000o\000r\000m\000a\000l\000i\000z\000a\000c\000i\000\363\000n\000\051}{section.13}% 20
\BOOKMARK [2][-]{subsection.13.4}{\376\377\000F\000o\000r\000m\000a\000\040\000D\000\040\040\024\000\040\000L\000o\000g\000s}{section.13}% 21
\BOOKMARK [1][-]{section.14}{\376\377\000R\000e\000s\000u\000m\000e\000n\000:\000\040\000q\000u\000i\000\351\000n\000\040\000l\000l\000a\000m\000a\000\040\000a\000\040\000q\000u\000i\000\351\000n}{}% 22
\BOOKMARK [1][-]{section.15}{\376\377\000P\000r\000e\000g\000u\000n\000t\000a\000s\000\040\000t\000r\000a\000m\000p\000a\000\040\000y\000\040\000c\000\363\000m\000o\000\040\000s\000a\000l\000i\000r\000\040\000b\000i\000e\000n}{}% 23
